Base path: '/Applications/Unity/Hub/Editor/2019.3.7f1/Unity.app/Contents', plugins path '/Applications/Unity/Hub/Editor/2019.3.7f1/Unity.app/Contents/PlaybackEngines'
Cmd: initializeCompiler
Cmd: preprocessCompute
  insize=7553 outsize=7555 ok=1
Cmd: preprocessCompute
  insize=8396 outsize=8398 ok=1
Cmd: preprocessCompute
  insize=5421 outsize=5423 ok=1
Cmd: preprocessCompute
  insize=4864 outsize=4866 ok=1
Cmd: preprocess
  insize=42250 outsize=652 ok=1
Cmd: preprocessCompute
  insize=5423 outsize=5425 ok=1
Cmd: preprocessCompute
  insize=4872 outsize=4874 ok=1
Cmd: preprocess
  insize=41293 outsize=652 ok=1
Cmd: preprocessCompute
  insize=7917 outsize=7919 ok=1
Cmd: preprocessCompute
  insize=7519 outsize=7521 ok=1
Cmd: preprocess
  insize=45118 outsize=652 ok=1
Cmd: preprocess
  insize=39953 outsize=652 ok=1
Cmd: preprocessCompute
  insize=5421 outsize=5423 ok=1
Cmd: preprocessCompute
  insize=4896 outsize=4898 ok=1
Cmd: preprocess
  insize=42357 outsize=665 ok=1
Cmd: preprocessCompute
  insize=7680 outsize=7682 ok=1
Cmd: preprocessCompute
  insize=11191 outsize=11193 ok=1
Cmd: preprocess
  insize=39801 outsize=652 ok=1
Cmd: preprocessCompute
  insize=1926 outsize=1928 ok=1
Cmd: preprocessCompute
  insize=7641 outsize=7643 ok=1
Cmd: preprocessCompute
  insize=8670 outsize=8672 ok=1
Cmd: preprocessCompute
  insize=5480 outsize=5482 ok=1
Cmd: preprocessCompute
  insize=4864 outsize=4866 ok=1
Cmd: preprocess
  insize=42020 outsize=653 ok=1
Cmd: preprocessCompute
  insize=5482 outsize=5484 ok=1
Cmd: preprocessCompute
  insize=4872 outsize=4874 ok=1
Cmd: preprocess
  insize=41063 outsize=652 ok=1
Cmd: preprocessCompute
  insize=7976 outsize=7978 ok=1
Cmd: preprocessCompute
  insize=7519 outsize=7521 ok=1
Cmd: preprocess
  insize=44452 outsize=652 ok=1
Cmd: preprocess
  insize=39953 outsize=652 ok=1
Cmd: preprocessCompute
  insize=5480 outsize=5482 ok=1
Cmd: preprocessCompute
  insize=4896 outsize=4898 ok=1
Cmd: preprocess
  insize=42101 outsize=665 ok=1
Cmd: preprocessCompute
  insize=7670 outsize=7672 ok=1
Cmd: preprocessCompute
  insize=11565 outsize=11567 ok=1
Cmd: preprocess
  insize=39570 outsize=653 ok=1
Cmd: preprocessCompute
  insize=1926 outsize=1928 ok=1
Cmd: preprocessCompute
  insize=7553 outsize=7555 ok=1
Cmd: preprocessCompute
  insize=8396 outsize=8398 ok=1
Cmd: preprocessCompute
  insize=5421 outsize=5423 ok=1
Cmd: preprocessCompute
  insize=4864 outsize=4866 ok=1
Cmd: preprocess
  insize=42250 outsize=652 ok=1
Cmd: preprocessCompute
  insize=5423 outsize=5425 ok=1
Cmd: preprocessCompute
  insize=4872 outsize=4874 ok=1
Cmd: preprocess
  insize=41293 outsize=652 ok=1
Cmd: preprocessCompute
  insize=7917 outsize=7919 ok=1
Cmd: preprocessCompute
  insize=7519 outsize=7521 ok=1
Cmd: preprocess
  insize=45118 outsize=652 ok=1
Cmd: preprocess
  insize=39953 outsize=652 ok=1
Cmd: preprocessCompute
  insize=5421 outsize=5423 ok=1
Cmd: preprocessCompute
  insize=4896 outsize=4898 ok=1
Cmd: preprocess
  insize=42357 outsize=665 ok=1
Cmd: preprocessCompute
  insize=7680 outsize=7682 ok=1
Cmd: preprocessCompute
  insize=11191 outsize=11193 ok=1
Cmd: preprocess
  insize=39801 outsize=652 ok=1
Cmd: preprocessCompute
  insize=1926 outsize=1928 ok=1
Cmd: preprocessCompute
  insize=7553 outsize=7555 ok=1
Cmd: preprocessCompute
  insize=8396 outsize=8398 ok=1
Cmd: preprocessCompute
  insize=5421 outsize=5423 ok=1
Cmd: preprocessCompute
  insize=4864 outsize=4866 ok=1
Cmd: preprocess
  insize=42250 outsize=652 ok=1
Cmd: preprocessCompute
  insize=5423 outsize=5425 ok=1
Cmd: preprocessCompute
  insize=4872 outsize=4874 ok=1
Cmd: preprocess
  insize=41293 outsize=652 ok=1
Cmd: preprocessCompute
  insize=7917 outsize=7919 ok=1
Cmd: preprocessCompute
  insize=7519 outsize=7521 ok=1
Cmd: preprocess
  insize=45118 outsize=652 ok=1
Cmd: preprocess
  insize=39953 outsize=652 ok=1
Cmd: preprocessCompute
  insize=5421 outsize=5423 ok=1
Cmd: preprocessCompute
  insize=4896 outsize=4898 ok=1
Cmd: preprocess
  insize=42357 outsize=665 ok=1
Cmd: preprocessCompute
  insize=7680 outsize=7682 ok=1
Cmd: preprocessCompute
  insize=11191 outsize=11193 ok=1
Cmd: preprocess
  insize=39801 outsize=652 ok=1
Cmd: preprocessCompute
  insize=1926 outsize=1928 ok=1
